<?xml version="1.0" encoding="UTF-8"?>
<!-- Generated by org.testng.reporters.JUnitXMLReporter -->
<testsuite ignored="0" hostname="Kartik" failures="1" tests="3" name="Error Validations Test" time="30.679" errors="0" timestamp="2025-02-17T10:15:09 IST">
  <testcase classname="academy.tests.ErrorValidationsTest" name="LoginErrorValidation" time="1.151">
    <skipped/>
  </testcase> <!-- LoginErrorValidation -->
  <testcase classname="academy.tests.ErrorValidationsTest" name="LoginErrorValidation" time="0.819">
    <failure type="java.lang.AssertionError" message="expected [Incorrect email or password.] but found [Incorrect email  password.]">
      <![CDATA[java.lang.AssertionError: expected [Incorrect email or password.] but found [Incorrect email  password.]
at academy.tests.ErrorValidationsTest.LoginErrorValidation(ErrorValidationsTest.java:23)
at java.base/java.util.ArrayList.forEach(ArrayList.java:1511)
at java.base/java.util.concurrent.FutureTask.run(FutureTask.java:264)
at java.base/java.util.concurrent.ThreadPoolExecutor.runWorker(ThreadPoolExecutor.java:1136)
at java.base/java.util.concurrent.ThreadPoolExecutor$Worker.run(ThreadPoolExecutor.java:635)
at java.base/java.lang.Thread.run(Thread.java:833)
... Removed 24 stack frames]]>
    </failure>
  </testcase> <!-- LoginErrorValidation -->
  <testcase classname="academy.tests.ErrorValidationsTest" name="ProductErrorValidation" time="3.301"/>
</testsuite> <!-- Error Validations Test -->
